4 mai 2020 09:36:31 Lancement d'une connexion sur le port 3001
4 mai 2020 09:36:31 Envoie au serveur : Client est là
4 mai 2020 09:36:40 Envoie au serveur : photosPublic
5 mai 2020 15:50:03 java.net.ConnectException: Connection refused: connect
5 mai 2020 15:51:45 Lancement d'une connexion sur le port 3001
5 mai 2020 16:19:46 Lancement d'une connexion sur le port 3001
5 mai 2020 16:20:43 Lancement d'une connexion sur le port 3001
5 mai 2020 16:21:07 Lancement d'une connexion sur le port 3001
5 mai 2020 16:23:51 Lancement d'une connexion sur le port 3001
5 mai 2020 16:27:54 Lancement d'une connexion sur le port 3001
5 mai 2020 16:28:23 java.net.SocketException: Connection reset
5 mai 2020 16:44:12 Lancement d'une connexion sur le port 3001
5 mai 2020 16:46:34 java.net.ConnectException: Connection refused: connect
5 mai 2020 16:46:54 Lancement d'une connexion sur le port 3001
5 mai 2020 16:50:36 Lancement d'une connexion sur le port 3001
6 mai 2020 09:03:51 Lancement d'une connexion sur le port 3002
6 mai 2020 09:07:34 Lancement d'une connexion sur le port 3002
6 mai 2020 09:48:49 Lancement d'une connexion sur le port 3002
6 mai 2020 09:49:00 java.sql.SQLException: Access denied for user ''@'localhost' (using password: NO)
6 mai 2020 11:31:29 Lancement d'une connexion sur le port 3002
6 mai 2020 11:37:16 java.net.ConnectException: Connection refused: connect
6 mai 2020 11:38:39 Lancement d'une connexion sur le port 3003
6 mai 2020 13:13:55 Lancement d'une connexion sur le port 3003
6 mai 2020 13:15:42 Lancement d'une connexion sur le port 3003
7 mai 2020 10:01:15 java.net.ConnectException: Connection refused: connect
7 mai 2020 10:08:48 java.io.WriteAbortedException: writing aborted; java.io.NotSerializableException: javafx.scene.image.Image
7 mai 2020 11:09:57 Lancement d'une connexion sur le port 3002
